<?xml version="1.0" encoding="UTF-8"?>
<robot generator="Robot 3.2.2 (Python 3.9.2 on win32)" generated="20210325 10:01:34.780" rpa="false">
<suite id="s1" name="Selenium Project" source="C:\Users\eswakui\Desktop\robot\robotworkspace\Selenium Project">
<suite id="s1-s1" name="Robot Suites" source="C:\Users\eswakui\Desktop\robot\robotworkspace\Selenium Project\robot_suites">
<suite id="s1-s1-s1" name="Rb1" source="C:\Users\eswakui\Desktop\robot\robotworkspace\Selenium Project\robot_suites\rb1.robot">
<test id="s1-s1-s1-t1" name="TC1">
<kw name="Log To Console" library="BuiltIn">
<doc>Logs the given message to the console.</doc>
<arguments>
<arg>${BROWSER}</arg>
</arguments>
<status status="PASS" starttime="20210325 10:01:35.270" endtime="20210325 10:01:35.271"></status>
</kw>
<kw name="Log To Console" library="BuiltIn">
<doc>Logs the given message to the console.</doc>
<arguments>
<arg>${COLORS}[0]</arg>
</arguments>
<status status="PASS" starttime="20210325 10:01:35.271" endtime="20210325 10:01:35.272"></status>
</kw>
<kw name="Log To Console" library="BuiltIn">
<doc>Logs the given message to the console.</doc>
<arguments>
<arg>${dc}[username]</arg>
</arguments>
<status status="PASS" starttime="20210325 10:01:35.272" endtime="20210325 10:01:35.272"></status>
</kw>
<kw name="Create List" library="BuiltIn">
<doc>Returns a list containing given items.</doc>
<arguments>
<arg>yellow</arg>
<arg>blue</arg>
<arg>green</arg>
</arguments>
<assign>
<var>@{Colors}</var>
</assign>
<msg timestamp="20210325 10:01:35.273" level="INFO">@{Colors} = [ yellow | blue | green ]</msg>
<status status="PASS" starttime="20210325 10:01:35.273" endtime="20210325 10:01:35.273"></status>
</kw>
<kw name="Log To Console" library="BuiltIn">
<doc>Logs the given message to the console.</doc>
<arguments>
<arg>${Colors}[0]</arg>
</arguments>
<status status="PASS" starttime="20210325 10:01:35.273" endtime="20210325 10:01:35.274"></status>
</kw>
<kw name="Create Dictionary" library="BuiltIn">
<doc>Creates and returns a dictionary based on the given ``items``.</doc>
<arguments>
<arg>username=sweta</arg>
<arg>password=sweta123</arg>
</arguments>
<assign>
<var>&amp;{dics}</var>
</assign>
<msg timestamp="20210325 10:01:35.276" level="INFO">&amp;{dics} = { username=sweta | password=sweta123 }</msg>
<status status="PASS" starttime="20210325 10:01:35.274" endtime="20210325 10:01:35.276"></status>
</kw>
<kw name="Log To Console" library="BuiltIn">
<doc>Logs the given message to the console.</doc>
<arguments>
<arg>${dics}[password]</arg>
</arguments>
<status status="PASS" starttime="20210325 10:01:35.276" endtime="20210325 10:01:35.277"></status>
</kw>
<status status="PASS" starttime="20210325 10:01:35.269" endtime="20210325 10:01:35.277" critical="yes"></status>
</test>
<status status="PASS" starttime="20210325 10:01:34.870" endtime="20210325 10:01:35.278"></status>
</suite>
<status status="PASS" starttime="20210325 10:01:34.865" endtime="20210325 10:01:35.280"></status>
</suite>
<status status="PASS" starttime="20210325 10:01:34.841" endtime="20210325 10:01:35.282"></status>
</suite>
<statistics>
<total>
<stat pass="1" fail="0">Critical Tests</stat>
<stat pass="1" fail="0">All Tests</stat>
</total>
<tag>
</tag>
<suite>
<stat pass="1" fail="0" id="s1" name="Selenium Project">Selenium Project</stat>
<stat pass="1" fail="0" id="s1-s1" name="Robot Suites">Selenium Project.Robot Suites</stat>
<stat pass="1" fail="0" id="s1-s1-s1" name="Rb1">Selenium Project.Robot Suites.Rb1</stat>
</suite>
</statistics>
<errors>
</errors>
</robot>
