<?xml version="1.0" encoding="UTF-8"?>
<robot generator="Robot 3.2.2 (Python 3.9.2 on win32)" generated="20210321 15:03:51.117" rpa="false">
<suite id="s1" name="Robot Tests" source="C:\Users\eswakui\Desktop\robot\robotworkspace\Selenium Project\robot_suites\robot_tests.robot">
<test id="s1-t1" name="TC1_ValidCredential">
<kw name="Open Browser" library="SeleniumLibrary">
<doc>Opens a new browser instance to the optional ``url``.</doc>
<arguments>
<arg>url=https://magento.com/ browser=chrome</arg>
</arguments>
<msg timestamp="20210321 15:03:51.563" level="INFO">Opening browser 'firefox' to base url 'https://magento.com/ browser=chrome'.</msg>
<msg timestamp="20210321 15:03:51.566" level="INFO">Firefox driver log is always forced to to: C:\Users\eswakui\Desktop\robot\robotworkspace\Selenium Project\robot_suites\geckodriver-1.log</msg>
<kw name="Capture Page Screenshot" library="SeleniumLibrary">
<doc>Takes a screenshot of the current page and embeds it into a log file.</doc>
<msg timestamp="20210321 15:03:51.573" level="INFO">Cannot capture screenshot because no browser is open.</msg>
<status status="PASS" starttime="20210321 15:03:51.573" endtime="20210321 15:03:51.573"></status>
</kw>
<msg timestamp="20210321 15:03:51.579" level="FAIL">WebDriverException: Message: 'geckodriver' executable needs to be in PATH. 
</msg>
<status status="FAIL" starttime="20210321 15:03:51.563" endtime="20210321 15:03:51.579"></status>
</kw>
<status status="FAIL" starttime="20210321 15:03:51.562" endtime="20210321 15:03:51.580" critical="yes">WebDriverException: Message: 'geckodriver' executable needs to be in PATH. 
</status>
</test>
<status status="FAIL" starttime="20210321 15:03:51.121" endtime="20210321 15:03:51.582"></status>
</suite>
<statistics>
<total>
<stat pass="0" fail="1">Critical Tests</stat>
<stat pass="0" fail="1">All Tests</stat>
</total>
<tag>
</tag>
<suite>
<stat pass="0" fail="1" id="s1" name="Robot Tests">Robot Tests</stat>
</suite>
</statistics>
<errors>
</errors>
</robot>
